<?xml version="1.0" encoding="UTF-8"?>
<!-- Generated by org.testng.reporters.JUnitReportReporter -->
<testsuite hostname="LAPTOP-5BFJCE76" failures="0" tests="1" name="testng.Ebay" time="4.607" errors="0" timestamp="2024-09-09T21:13:38 IST" skipped="0">
  <testcase classname="testng.Ebay" name="ebay" time="4.607"/>
  <system-out/>
</testsuite> <!-- testng.Ebay -->
