<?xml version="1.0" encoding="UTF-8"?>
<!-- Generated by org.testng.reporters.JUnitReportReporter -->
<testsuite hostname="LAPTOP-5BFJCE76" failures="0" tests="1" name="testng.Fblogin" time="12.787" errors="0" timestamp="2024-09-11T11:24:50 IST" skipped="0">
  <testcase classname="testng.Fblogin" name="fb" time="12.787"/>
  <system-out/>
</testsuite> <!-- testng.Fblogin -->
