<?xml version="1.0" encoding="UTF-8"?>
<!-- Generated by org.testng.reporters.JUnitReportReporter -->
<testsuite hostname="LAPTOP-5BFJCE76" failures="0" tests="1" name="testpkg.Fbcreatepgtest" time="4.501" errors="0" timestamp="2024-09-26T11:40:32 IST" skipped="0">
  <testcase classname="testpkg.Fbcreatepgtest" name="test" time="4.501"/>
  <system-out/>
</testsuite> <!-- testpkg.Fbcreatepgtest -->
