<?xml version="1.0" encoding="UTF-8"?>
<!-- Generated by org.testng.reporters.JUnitReportReporter -->
<testsuite hostname="LAPTOP-5BFJCE76" failures="0" tests="1" name="testng.Parameters" time="0.012" errors="0" timestamp="2024-09-06T11:42:37 IST" skipped="0">
  <testcase classname="testng.Parameters" name="printv" time="0.012"/>
  <system-out/>
</testsuite> <!-- testng.Parameters -->
