<?xml version="1.0" encoding="UTF-8"?>
<!-- Generated by org.testng.reporters.JUnitReportReporter -->
<testsuite hostname="LAPTOP-5BFJCE76" failures="0" tests="1" name="testng.Fileupload_autoit" time="6.226" errors="0" timestamp="2024-09-22T18:09:53 IST" skipped="0">
  <testcase classname="testng.Fileupload_autoit" name="test" time="6.226"/>
  <system-out/>
</testsuite> <!-- testng.Fileupload_autoit -->
