<?xml version="1.0" encoding="UTF-8"?>
<!-- Generated by org.testng.reporters.JUnitReportReporter -->
<testsuite hostname="LAPTOP-5BFJCE76" failures="0" tests="1" name="testng.Datepicker_Handling" time="0.870" errors="0" timestamp="2024-10-03T22:41:45 IST" skipped="0">
  <testcase classname="testng.Datepicker_Handling" name="test" time="0.870"/>
  <system-out/>
</testsuite> <!-- testng.Datepicker_Handling -->
