<?xml version="1.0" encoding="UTF-8"?>
<!-- Generated by org.testng.reporters.JUnitReportReporter -->
<testsuite hostname="LAPTOP-5BFJCE76" failures="0" tests="1" name="testng.Countryrediff" time="0.504" errors="0" timestamp="2024-09-18T19:14:03 IST" skipped="0">
  <testcase classname="testng.Countryrediff" name="test" time="0.504"/>
  <system-out/>
</testsuite> <!-- testng.Countryrediff -->
