<?xml version="1.0" encoding="UTF-8"?>
<!-- Generated by org.testng.reporters.JUnitReportReporter -->
<testsuite hostname="LAPTOP-5BFJCE76" failures="0" tests="1" name="testng.Assertion_soft" time="0.044" errors="0" timestamp="2024-09-22T22:43:44 IST" skipped="0">
  <testcase classname="testng.Assertion_soft" name="titleverification" time="0.044"/>
  <system-out/>
</testsuite> <!-- testng.Assertion_soft -->
