<?xml version="1.0" encoding="UTF-8"?>
<!-- Generated by org.testng.reporters.JUnitReportReporter -->
<testsuite hostname="LAPTOP-5BFJCE76" failures="0" tests="4" name="testng.Rediff" time="4.769" errors="0" timestamp="2024-10-03T07:54:37 IST" skipped="0">
  <testcase classname="testng.Rediff" name="createacc" time="4.695"/>
  <system-out/>
  <testcase classname="testng.Rediff" name="rb" time="0.027"/>
  <system-out/>
  <testcase classname="testng.Rediff" name="rb1" time="0.020"/>
  <system-out/>
  <testcase classname="testng.Rediff" name="rediff" time="0.027"/>
  <system-out/>
</testsuite> <!-- testng.Rediff -->
