<?xml version="1.0" encoding="UTF-8"?>
<!-- Generated by org.testng.reporters.JUnitReportReporter -->
<testsuite hostname="LAPTOP-5BFJCE76" failures="0" tests="1" name="testng.Para" time="0.209" errors="0" timestamp="2024-09-06T20:33:08 IST" skipped="0">
  <testcase classname="testng.Para" name="fb" time="0.209"/>
  <system-out/>
</testsuite> <!-- testng.Para -->
