<?xml version="1.0" encoding="UTF-8"?>
<!-- Generated by org.testng.reporters.JUnitReportReporter -->
<testsuite hostname="LAPTOP-5BFJCE76" failures="0" tests="4" name="testng.Testngdemo" time="0.015" errors="0" timestamp="2024-09-05T20:11:45 IST" skipped="0">
  <testcase classname="testng.Testngdemo" name="test2" time="0.002"/>
  <system-out/>
  <testcase classname="testng.Testngdemo" name="test2" time="0.010"/>
  <system-out/>
  <testcase classname="testng.Testngdemo" name="test2" time="0.002"/>
  <system-out/>
  <testcase classname="testng.Testngdemo" name="test1" time="0.001"/>
  <system-out/>
</testsuite> <!-- testng.Testngdemo -->
