<?xml version="1.0" encoding="UTF-8"?>
<!-- Generated by org.testng.reporters.JUnitReportReporter -->
<testsuite hostname="LAPTOP-5BFJCE76" failures="0" tests="1" name="testng.Rediffbutton_textverify" time="0.107" errors="0" timestamp="2024-09-11T13:05:41 IST" skipped="0">
  <testcase classname="testng.Rediffbutton_textverify" name="test" time="0.107"/>
  <system-out/>
</testsuite> <!-- testng.Rediffbutton_textverify -->
