<?xml version="1.0" encoding="UTF-8"?>
<!-- Generated by org.testng.reporters.JUnitReportReporter -->
<testsuite hostname="LAPTOP-5BFJCE76" failures="0" tests="3" name="testng.Janasya" time="0.331" errors="0" timestamp="2024-09-19T12:31:07 IST" skipped="0">
  <testcase classname="testng.Janasya" name="ss" time="0.276"/>
  <system-out/>
  <testcase classname="testng.Janasya" name="linkverify" time="0.047"/>
  <system-out/>
  <testcase classname="testng.Janasya" name="test" time="0.008"/>
  <system-out/>
</testsuite> <!-- testng.Janasya -->
