<?xml version="1.0" encoding="UTF-8"?>
<!-- Generated by org.testng.reporters.JUnitReportReporter -->
<testsuite hostname="LAPTOP-5BFJCE76" failures="0" tests="1" name="testng.Facebook1" time="0.189" errors="0" timestamp="2024-09-06T12:16:02 IST" skipped="0">
  <testcase classname="testng.Facebook1" name="fb" time="0.189"/>
  <system-out/>
</testsuite> <!-- testng.Facebook1 -->
