<?xml version="1.0" encoding="UTF-8"?>
<!-- Generated by org.testng.reporters.JUnitReportReporter -->
<testsuite hostname="LAPTOP-5BFJCE76" failures="0" tests="3" name="testng.Crossbrowsertesting" time="15.048" errors="0" timestamp="2024-09-10T11:46:15 IST" skipped="0">
  <testcase classname="testng.Crossbrowsertesting" name="test" time="6.708"/>
  <system-out/>
  <testcase classname="testng.Crossbrowsertesting" name="test" time="3.050"/>
  <system-out/>
  <testcase classname="testng.Crossbrowsertesting" name="test" time="5.290"/>
  <system-out/>
</testsuite> <!-- testng.Crossbrowsertesting -->
