<?xml version="1.0" encoding="UTF-8"?>
<!-- Generated by org.testng.reporters.JUnitReportReporter -->
<testsuite hostname="LAPTOP-5BFJCE76" failures="0" tests="1" name="testng.Windowhandling" time="1.161" errors="0" timestamp="2024-09-24T11:30:25 IST" skipped="0">
  <testcase classname="testng.Windowhandling" name="test" time="1.161"/>
  <system-out/>
</testsuite> <!-- testng.Windowhandling -->
