<?xml version="1.0" encoding="UTF-8"?>
<!-- Generated by org.testng.reporters.JUnitReportReporter -->
<testsuite hostname="LAPTOP-5BFJCE76" failures="0" tests="1" name="testng.Guru99fileupload" time="0.162" errors="0" timestamp="2024-09-18T11:39:50 IST" skipped="0">
  <testcase classname="testng.Guru99fileupload" name="test" time="0.162"/>
  <system-out/>
</testsuite> <!-- testng.Guru99fileupload -->
