<?xml version="1.0" encoding="UTF-8"?>
<!-- Generated by org.testng.reporters.JUnitReportReporter -->
<testsuite hostname="LAPTOP-5BFJCE76" failures="0" tests="1" name="testng.Datadriventest" time="65.549" errors="0" timestamp="2024-09-11T21:33:10 IST" skipped="0">
  <testcase classname="testng.Datadriventest" name="test" time="65.549"/>
  <system-out/>
</testsuite> <!-- testng.Datadriventest -->
