<?xml version="1.0" encoding="UTF-8"?>
<!-- Generated by org.testng.reporters.JUnitReportReporter -->
<testsuite hostname="LAPTOP-5BFJCE76" failures="0" tests="1" name="testng.Jj" time="0.647" errors="0" timestamp="2024-09-18T19:02:46 IST" skipped="0">
  <testcase classname="testng.Jj" name="test" time="0.647"/>
  <system-out/>
</testsuite> <!-- testng.Jj -->
