<?xml version="1.0" encoding="UTF-8"?>
<!-- Generated by org.testng.reporters.JUnitReportReporter -->
<testsuite hostname="LAPTOP-5BFJCE76" failures="0" tests="1" name="testpkg.Cw" time="12.276" errors="0" timestamp="2024-09-25T22:08:55 IST" skipped="0">
  <testcase classname="testpkg.Cw" name="test" time="12.276"/>
  <system-out/>
</testsuite> <!-- testpkg.Cw -->
