<?xml version="1.0" encoding="UTF-8"?>
<!-- Generated by org.testng.reporters.JUnitReportReporter -->
<testsuite hostname="LAPTOP-5BFJCE76" failures="0" tests="1" name="testng.Guru99" time="0.387" errors="0" timestamp="2024-09-09T13:22:56 IST" skipped="0">
  <testcase classname="testng.Guru99" name="guru" time="0.387"/>
  <system-out/>
</testsuite> <!-- testng.Guru99 -->
