<?xml version="1.0" encoding="UTF-8"?>
<!-- Generated by org.testng.reporters.JUnitReportReporter -->
<testsuite hostname="LAPTOP-5BFJCE76" failures="0" tests="1" name="testng.Copypasterediff" time="0.461" errors="0" timestamp="2024-09-09T11:38:18 IST" skipped="0">
  <testcase classname="testng.Copypasterediff" name="rediff" time="0.461"/>
  <system-out/>
</testsuite> <!-- testng.Copypasterediff -->
