<?xml version="1.0" encoding="UTF-8"?>
<!-- Generated by org.testng.reporters.JUnitReportReporter -->
<testsuite hostname="LAPTOP-5BFJCE76" failures="0" tests="1" name="testng.Amazon_cw" time="43.480" errors="0" timestamp="2024-09-24T22:07:55 IST" skipped="0">
  <testcase classname="testng.Amazon_cw" name="test" time="43.480"/>
  <system-out/>
</testsuite> <!-- testng.Amazon_cw -->
