<?xml version="1.0" encoding="UTF-8"?>
<!-- Generated by org.testng.reporters.JUnitReportReporter -->
<testsuite hostname="LAPTOP-5BFJCE76" failures="0" tests="1" name="testng.Fileupload_windows" time="0.478" errors="0" timestamp="2024-09-18T12:24:30 IST" skipped="0">
  <testcase classname="testng.Fileupload_windows" name="test" time="0.478"/>
  <system-out/>
</testsuite> <!-- testng.Fileupload_windows -->
