<?xml version="1.0" encoding="UTF-8"?>
<!-- Generated by org.testng.reporters.JUnitReportReporter -->
<testsuite hostname="LAPTOP-5BFJCE76" failures="0" tests="1" name="testng.Aa" time="0.543" errors="0" timestamp="2024-09-17T22:40:14 IST" skipped="0">
  <testcase classname="testng.Aa" name="test" time="0.543"/>
  <system-out/>
</testsuite> <!-- testng.Aa -->
