<?xml version="1.0" encoding="UTF-8"?>
<!-- Generated by org.testng.reporters.JUnitReportReporter -->
<testsuite hostname="LAPTOP-5BFJCE76" failures="0" tests="1" name="testng.Windowhandling_multiple" time="6.081" errors="0" timestamp="2024-09-24T12:41:26 IST" skipped="0">
  <testcase classname="testng.Windowhandling_multiple" name="test" time="6.081"/>
  <system-out/>
</testsuite> <!-- testng.Windowhandling_multiple -->
